<?xml version="1.0" encoding="UTF-8"?>
<!-- Generated by org.testng.reporters.JUnitXMLReporter -->
<testsuite hostname="Admin-PC" ignored="0" name="Regression" tests="4" failures="0" timestamp="05 Apr 2020 09:44:59 GMT" time="109.441" errors="0">
  <testcase name="loginPageTitleTest" time="1.316" classname="com.crm.qa.testcases.loginTest"/>
  <testcase name="fillformTest" time="6.149" classname="com.crm.qa.testcases.homePageTest"/>
  <testcase name="loginpageLoginActionTest" time="1.23" classname="com.crm.qa.testcases.loginTest"/>
  <testcase name="fillformTest2" time="5.603" classname="com.crm.qa.testcases.homePageTest"/>
</testsuite> <!-- Regression -->
