<?xml version="1.0" encoding="UTF-8"?>
<!-- Generated by org.testng.reporters.JUnitXMLReporter -->
<testsuite hostname="Admin-PC" ignored="0" name="Regression" tests="4" failures="0" timestamp="05 Apr 2020 04:45:46 GMT" time="76.593" errors="0">
  <testcase name="loginPageTitleTest" time="0.69" classname="com.crm.qa.testcases.loginTest"/>
  <testcase name="fillformTest" time="4.785" classname="com.crm.qa.testcases.homePageTest"/>
  <testcase name="loginpageLoginActionTest" time="1.751" classname="com.crm.qa.testcases.loginTest"/>
  <testcase name="fillformTest2" time="5.98" classname="com.crm.qa.testcases.homePageTest"/>
</testsuite> <!-- Regression -->
