<?xml version="1.0" encoding="UTF-8"?>
<!-- Generated by org.testng.reporters.JUnitXMLReporter -->
<testsuite hostname="Admin-PC" ignored="0" name="Command line test" tests="4" failures="0" timestamp="05 Apr 2020 05:47:55 GMT" time="142.208" errors="0">
  <testcase name="fillformTest" time="5.779" classname="com.crm.qa.testcases.homePageTest"/>
  <testcase name="loginPageTitleTest" time="0.466" classname="com.crm.qa.testcases.loginTest"/>
  <testcase name="fillformTest2" time="5.5" classname="com.crm.qa.testcases.homePageTest"/>
  <testcase name="loginpageLoginActionTest" time="1.796" classname="com.crm.qa.testcases.loginTest"/>
</testsuite> <!-- Command line test -->
