<?xml version="1.0" encoding="UTF-8"?>
<!-- Generated by org.testng.reporters.JUnitXMLReporter -->
<testsuite hostname="Admin-PC" ignored="0" name="Command line test" tests="4" failures="0" timestamp="05 Apr 2020 08:43:13 GMT" time="154.458" errors="0">
  <testcase name="fillformTest" time="8.076" classname="com.crm.qa.testcases.homePageTest"/>
  <testcase name="loginPageTitleTest" time="0.434" classname="com.crm.qa.testcases.loginTest"/>
  <testcase name="fillformTest2" time="4.77" classname="com.crm.qa.testcases.homePageTest"/>
  <testcase name="loginpageLoginActionTest" time="1.538" classname="com.crm.qa.testcases.loginTest"/>
</testsuite> <!-- Command line test -->
